f:\nxopen\nxopen++\excel_c++\excel_c++\debug\excel_c++.pch
f:\nxopen\nxopen++\excel_c++\excel_c++\debug\vc120.pdb
f:\nxopen\nxopen++\excel_c++\excel_c++\debug\vc120.idb
f:\nxopen\nxopen++\excel_c++\excel_c++\debug\stdafx.obj
f:\nxopen\nxopen++\excel_c++\excel_c++\debug\excel_c++.obj
f:\nxopen\nxopen++\excel_c++\excel_c++\debug\excel_c++dlg.obj
f:\nxopen\nxopen++\excel_c++\excel_c++\debug\my_excel.obj
f:\nxopen\nxopen++\excel_c++\debug\excel_c++.lib
f:\nxopen\nxopen++\excel_c++\debug\excel_c++.exp
f:\nxopen\nxopen++\excel_c++\debug\excel_c++.ilk
f:\nxopen\nxopen++\excel_c++\debug\excel_c++.exe
f:\nxopen\nxopen++\excel_c++\debug\excel_c++.pdb
f:\nxopen\nxopen++\excel_c++\excel_c++\debug\excel_c++.res
f:\nxopen\nxopen++\excel_c++\excel_c++\debug\excel_c++.tlog\cl.command.1.tlog
f:\nxopen\nxopen++\excel_c++\excel_c++\debug\excel_c++.tlog\cl.read.1.tlog
f:\nxopen\nxopen++\excel_c++\excel_c++\debug\excel_c++.tlog\cl.write.1.tlog
f:\nxopen\nxopen++\excel_c++\excel_c++\debug\excel_c++.tlog\excel_c++.write.1u.tlog
f:\nxopen\nxopen++\excel_c++\excel_c++\debug\excel_c++.tlog\link.command.1.tlog
f:\nxopen\nxopen++\excel_c++\excel_c++\debug\excel_c++.tlog\link.read.1.tlog
f:\nxopen\nxopen++\excel_c++\excel_c++\debug\excel_c++.tlog\link.write.1.tlog
f:\nxopen\nxopen++\excel_c++\excel_c++\debug\excel_c++.tlog\rc.command.1.tlog
f:\nxopen\nxopen++\excel_c++\excel_c++\debug\excel_c++.tlog\rc.read.1.tlog
f:\nxopen\nxopen++\excel_c++\excel_c++\debug\excel_c++.tlog\rc.write.1.tlog
